1738591210.076119 client started (24357): version 3.5a, socket /private/tmp/tmux-501/default, protocol 8
1738591210.076207 on Darwin 24.0.0 Darwin Kernel Version 24.0.0: Mon Aug 12 20:52:31 PDT 2024; root:xnu-11215.1.10~2/RELEASE_ARM64_T6030
1738591210.076223 using libevent 2.1.12-stable select
1738591210.076603 using utf8proc 2.10.0
1738591210.076614 using ncurses 6.5 20240427
1738591210.076639 flags are 0x10010000
1738591210.076647 socket is /private/tmp/tmux-501/default
1738591210.076667 trying connect
1738591210.076740 add peer 0x140048000: 6 (0x0)
1738591210.079498 sending message 111 to peer 0x140048000 (8 bytes)
1738591210.079522 sending message 111 to peer 0x140048000 (8 bytes)
1738591210.079531 sending message 101 to peer 0x140048000 (14 bytes)
1738591210.079539 sending message 109 to peer 0x140048000 (4 bytes)
1738591210.079547 sending message 102 to peer 0x140048000 (13 bytes)
1738591210.079554 sending message 108 to peer 0x140048000 (38 bytes)
1738591210.079561 sending message 112 to peer 0x140048000 (70 bytes)
1738591210.079568 sending message 112 to peer 0x140048000 (5 bytes)
1738591210.079575 sending message 112 to peer 0x140048000 (5 bytes)
1738591210.079582 sending message 112 to peer 0x140048000 (6 bytes)
1738591210.079589 sending message 112 to peer 0x140048000 (6 bytes)
1738591210.079596 sending message 112 to peer 0x140048000 (11 bytes)
1738591210.079603 sending message 112 to peer 0x140048000 (10 bytes)
1738591210.079610 sending message 112 to peer 0x140048000 (13 bytes)
1738591210.079617 sending message 112 to peer 0x140048000 (13 bytes)
1738591210.079624 sending message 112 to peer 0x140048000 (18 bytes)
1738591210.079631 sending message 112 to peer 0x140048000 (11 bytes)
1738591210.079637 sending message 112 to peer 0x140048000 (10 bytes)
1738591210.079644 sending message 112 to peer 0x140048000 (15 bytes)
1738591210.079651 sending message 112 to peer 0x140048000 (21 bytes)
1738591210.079658 sending message 112 to peer 0x140048000 (13 bytes)
1738591210.079665 sending message 112 to peer 0x140048000 (7 bytes)
1738591210.079672 sending message 112 to peer 0x140048000 (13 bytes)
1738591210.079678 sending message 112 to peer 0x140048000 (7 bytes)
1738591210.079685 sending message 112 to peer 0x140048000 (13 bytes)
1738591210.079692 sending message 112 to peer 0x140048000 (9 bytes)
1738591210.079699 sending message 112 to peer 0x140048000 (21 bytes)
1738591210.079706 sending message 112 to peer 0x140048000 (13 bytes)
1738591210.079713 sending message 112 to peer 0x140048000 (8 bytes)
1738591210.079720 sending message 112 to peer 0x140048000 (12 bytes)
1738591210.079726 sending message 112 to peer 0x140048000 (13 bytes)
1738591210.079733 sending message 112 to peer 0x140048000 (9 bytes)
1738591210.079740 sending message 112 to peer 0x140048000 (9 bytes)
1738591210.079747 sending message 112 to peer 0x140048000 (12 bytes)
1738591210.079754 sending message 112 to peer 0x140048000 (8 bytes)
1738591210.079761 sending message 112 to peer 0x140048000 (8 bytes)
1738591210.079768 sending message 112 to peer 0x140048000 (7 bytes)
1738591210.079774 sending message 112 to peer 0x140048000 (7 bytes)
1738591210.079781 sending message 112 to peer 0x140048000 (9 bytes)
1738591210.079788 sending message 112 to peer 0x140048000 (13 bytes)
1738591210.079795 sending message 112 to peer 0x140048000 (6 bytes)
1738591210.079802 sending message 112 to peer 0x140048000 (9 bytes)
1738591210.079808 sending message 112 to peer 0x140048000 (15 bytes)
1738591210.079815 sending message 112 to peer 0x140048000 (13 bytes)
1738591210.079822 sending message 112 to peer 0x140048000 (12 bytes)
1738591210.079829 sending message 112 to peer 0x140048000 (8 bytes)
1738591210.079836 sending message 112 to peer 0x140048000 (14 bytes)
1738591210.079842 sending message 112 to peer 0x140048000 (11 bytes)
1738591210.079849 sending message 112 to peer 0x140048000 (9 bytes)
1738591210.079856 sending message 112 to peer 0x140048000 (10 bytes)
1738591210.079863 sending message 112 to peer 0x140048000 (10 bytes)
1738591210.079870 sending message 112 to peer 0x140048000 (10 bytes)
1738591210.079902 sending message 112 to peer 0x140048000 (10 bytes)
1738591210.079907 sending message 112 to peer 0x140048000 (11 bytes)
1738591210.079912 sending message 112 to peer 0x140048000 (12 bytes)
1738591210.079917 sending message 112 to peer 0x140048000 (12 bytes)
1738591210.079922 sending message 112 to peer 0x140048000 (12 bytes)
1738591210.079927 sending message 112 to peer 0x140048000 (12 bytes)
1738591210.079932 sending message 112 to peer 0x140048000 (12 bytes)
1738591210.079937 sending message 112 to peer 0x140048000 (11 bytes)
1738591210.079942 sending message 112 to peer 0x140048000 (11 bytes)
1738591210.079947 sending message 112 to peer 0x140048000 (12 bytes)
1738591210.079952 sending message 112 to peer 0x140048000 (12 bytes)
1738591210.079957 sending message 112 to peer 0x140048000 (12 bytes)
1738591210.079962 sending message 112 to peer 0x140048000 (12 bytes)
1738591210.079967 sending message 112 to peer 0x140048000 (12 bytes)
1738591210.079971 sending message 112 to peer 0x140048000 (10 bytes)
1738591210.079976 sending message 112 to peer 0x140048000 (12 bytes)
1738591210.079981 sending message 112 to peer 0x140048000 (13 bytes)
1738591210.079986 sending message 112 to peer 0x140048000 (13 bytes)
1738591210.079991 sending message 112 to peer 0x140048000 (13 bytes)
1738591210.079996 sending message 112 to peer 0x140048000 (13 bytes)
1738591210.080001 sending message 112 to peer 0x140048000 (13 bytes)
1738591210.080006 sending message 112 to peer 0x140048000 (8 bytes)
1738591210.080011 sending message 112 to peer 0x140048000 (11 bytes)
1738591210.080016 sending message 112 to peer 0x140048000 (11 bytes)
1738591210.080021 sending message 112 to peer 0x140048000 (11 bytes)
1738591210.080026 sending message 112 to peer 0x140048000 (12 bytes)
1738591210.080031 sending message 112 to peer 0x140048000 (12 bytes)
1738591210.080036 sending message 112 to peer 0x140048000 (12 bytes)
1738591210.080040 sending message 112 to peer 0x140048000 (12 bytes)
1738591210.080045 sending message 112 to peer 0x140048000 (13 bytes)
1738591210.080050 sending message 112 to peer 0x140048000 (13 bytes)
1738591210.080055 sending message 112 to peer 0x140048000 (13 bytes)
1738591210.080060 sending message 112 to peer 0x140048000 (8 bytes)
1738591210.080065 sending message 112 to peer 0x140048000 (13 bytes)
1738591210.080070 sending message 112 to peer 0x140048000 (13 bytes)
1738591210.080075 sending message 112 to peer 0x140048000 (13 bytes)
1738591210.080080 sending message 112 to peer 0x140048000 (13 bytes)
1738591210.080085 sending message 112 to peer 0x140048000 (13 bytes)
1738591210.080089 sending message 112 to peer 0x140048000 (12 bytes)
1738591210.080094 sending message 112 to peer 0x140048000 (12 bytes)
1738591210.080099 sending message 112 to peer 0x140048000 (12 bytes)
1738591210.080104 sending message 112 to peer 0x140048000 (12 bytes)
1738591210.080109 sending message 112 to peer 0x140048000 (13 bytes)
1738591210.080114 sending message 112 to peer 0x140048000 (8 bytes)
1738591210.080119 sending message 112 to peer 0x140048000 (13 bytes)
1738591210.080124 sending message 112 to peer 0x140048000 (13 bytes)
1738591210.080129 sending message 112 to peer 0x140048000 (13 bytes)
1738591210.080134 sending message 112 to peer 0x140048000 (13 bytes)
1738591210.080139 sending message 112 to peer 0x140048000 (13 bytes)
1738591210.080143 sending message 112 to peer 0x140048000 (13 bytes)
1738591210.080148 sending message 112 to peer 0x140048000 (13 bytes)
1738591210.080153 sending message 112 to peer 0x140048000 (12 bytes)
1738591210.080158 sending message 112 to peer 0x140048000 (12 bytes)
1738591210.080163 sending message 112 to peer 0x140048000 (12 bytes)
1738591210.080168 sending message 112 to peer 0x140048000 (8 bytes)
1738591210.080173 sending message 112 to peer 0x140048000 (12 bytes)
1738591210.080178 sending message 112 to peer 0x140048000 (13 bytes)
1738591210.080182 sending message 112 to peer 0x140048000 (13 bytes)
1738591210.080187 sending message 112 to peer 0x140048000 (13 bytes)
1738591210.080192 sending message 112 to peer 0x140048000 (13 bytes)
1738591210.080206 sending message 112 to peer 0x140048000 (13 bytes)
1738591210.080211 sending message 112 to peer 0x140048000 (13 bytes)
1738591210.080216 sending message 112 to peer 0x140048000 (13 bytes)
1738591210.080222 sending message 112 to peer 0x140048000 (13 bytes)
1738591210.080227 sending message 112 to peer 0x140048000 (12 bytes)
1738591210.080232 sending message 112 to peer 0x140048000 (10 bytes)
1738591210.080237 sending message 112 to peer 0x140048000 (12 bytes)
1738591210.080242 sending message 112 to peer 0x140048000 (12 bytes)
1738591210.080247 sending message 112 to peer 0x140048000 (12 bytes)
1738591210.080252 sending message 112 to peer 0x140048000 (13 bytes)
1738591210.080257 sending message 112 to peer 0x140048000 (13 bytes)
1738591210.080262 sending message 112 to peer 0x140048000 (13 bytes)
1738591210.080267 sending message 112 to peer 0x140048000 (13 bytes)
1738591210.080272 sending message 112 to peer 0x140048000 (13 bytes)
1738591210.080277 sending message 112 to peer 0x140048000 (13 bytes)
1738591210.080282 sending message 112 to peer 0x140048000 (13 bytes)
1738591210.080287 sending message 112 to peer 0x140048000 (10 bytes)
1738591210.080292 sending message 112 to peer 0x140048000 (13 bytes)
1738591210.080297 sending message 112 to peer 0x140048000 (12 bytes)
1738591210.080302 sending message 112 to peer 0x140048000 (12 bytes)
1738591210.080308 sending message 112 to peer 0x140048000 (12 bytes)
1738591210.080312 sending message 112 to peer 0x140048000 (10 bytes)
1738591210.080317 sending message 112 to peer 0x140048000 (10 bytes)
1738591210.080322 sending message 112 to peer 0x140048000 (10 bytes)
1738591210.080327 sending message 112 to peer 0x140048000 (12 bytes)
1738591210.080332 sending message 112 to peer 0x140048000 (13 bytes)
1738591210.080337 sending message 112 to peer 0x140048000 (13 bytes)
1738591210.080342 sending message 112 to peer 0x140048000 (13 bytes)
1738591210.080347 sending message 112 to peer 0x140048000 (13 bytes)
1738591210.080352 sending message 112 to peer 0x140048000 (13 bytes)
1738591210.080357 sending message 112 to peer 0x140048000 (11 bytes)
1738591210.080362 sending message 112 to peer 0x140048000 (11 bytes)
1738591210.080367 sending message 112 to peer 0x140048000 (12 bytes)
1738591210.080372 sending message 112 to peer 0x140048000 (12 bytes)
1738591210.080377 sending message 112 to peer 0x140048000 (12 bytes)
1738591210.080383 sending message 112 to peer 0x140048000 (12 bytes)
1738591210.080388 sending message 112 to peer 0x140048000 (12 bytes)
1738591210.080392 sending message 112 to peer 0x140048000 (11 bytes)
1738591210.080397 sending message 112 to peer 0x140048000 (12 bytes)
1738591210.080402 sending message 112 to peer 0x140048000 (12 bytes)
1738591210.080407 sending message 112 to peer 0x140048000 (13 bytes)
1738591210.080412 sending message 112 to peer 0x140048000 (13 bytes)
1738591210.080417 sending message 112 to peer 0x140048000 (13 bytes)
1738591210.080422 sending message 112 to peer 0x140048000 (13 bytes)
1738591210.080427 sending message 112 to peer 0x140048000 (13 bytes)
1738591210.080432 sending message 112 to peer 0x140048000 (10 bytes)
1738591210.080437 sending message 112 to peer 0x140048000 (9 bytes)
1738591210.080442 sending message 112 to peer 0x140048000 (12 bytes)
1738591210.080447 sending message 112 to peer 0x140048000 (13 bytes)
1738591210.080452 sending message 112 to peer 0x140048000 (13 bytes)
1738591210.080457 sending message 112 to peer 0x140048000 (13 bytes)
1738591210.080462 sending message 112 to peer 0x140048000 (13 bytes)
1738591210.080467 sending message 112 to peer 0x140048000 (13 bytes)
1738591210.080472 sending message 112 to peer 0x140048000 (9 bytes)
1738591210.080477 sending message 112 to peer 0x140048000 (12 bytes)
1738591210.080482 sending message 112 to peer 0x140048000 (13 bytes)
1738591210.080487 sending message 112 to peer 0x140048000 (13 bytes)
1738591210.080492 sending message 112 to peer 0x140048000 (13 bytes)
1738591210.080496 sending message 112 to peer 0x140048000 (13 bytes)
1738591210.080508 sending message 112 to peer 0x140048000 (13 bytes)
1738591210.080513 sending message 112 to peer 0x140048000 (11 bytes)
1738591210.080518 sending message 112 to peer 0x140048000 (12 bytes)
1738591210.080523 sending message 112 to peer 0x140048000 (13 bytes)
1738591210.080528 sending message 112 to peer 0x140048000 (13 bytes)
1738591210.080533 sending message 112 to peer 0x140048000 (13 bytes)
1738591210.080537 sending message 112 to peer 0x140048000 (13 bytes)
1738591210.080542 sending message 112 to peer 0x140048000 (13 bytes)
1738591210.080547 sending message 112 to peer 0x140048000 (11 bytes)
1738591210.080552 sending message 112 to peer 0x140048000 (12 bytes)
1738591210.080557 sending message 112 to peer 0x140048000 (12 bytes)
1738591210.080562 sending message 112 to peer 0x140048000 (12 bytes)
1738591210.080567 sending message 112 to peer 0x140048000 (12 bytes)
1738591210.080572 sending message 112 to peer 0x140048000 (12 bytes)
1738591210.080577 sending message 112 to peer 0x140048000 (21 bytes)
1738591210.080582 sending message 112 to peer 0x140048000 (12 bytes)
1738591210.080587 sending message 112 to peer 0x140048000 (9 bytes)
1738591210.080592 sending message 112 to peer 0x140048000 (6 bytes)
1738591210.080596 sending message 112 to peer 0x140048000 (13 bytes)
1738591210.080601 sending message 112 to peer 0x140048000 (8 bytes)
1738591210.080606 sending message 112 to peer 0x140048000 (15 bytes)
1738591210.080611 sending message 112 to peer 0x140048000 (13 bytes)
1738591210.080616 sending message 112 to peer 0x140048000 (9 bytes)
1738591210.080621 sending message 112 to peer 0x140048000 (70 bytes)
1738591210.080626 sending message 112 to peer 0x140048000 (69 bytes)
1738591210.080631 sending message 112 to peer 0x140048000 (10 bytes)
1738591210.080636 sending message 112 to peer 0x140048000 (10 bytes)
1738591210.080641 sending message 112 to peer 0x140048000 (8 bytes)
1738591210.080646 sending message 112 to peer 0x140048000 (15 bytes)
1738591210.080651 sending message 112 to peer 0x140048000 (13 bytes)
1738591210.080656 sending message 112 to peer 0x140048000 (10 bytes)
1738591210.080661 sending message 112 to peer 0x140048000 (10 bytes)
1738591210.080666 sending message 112 to peer 0x140048000 (17 bytes)
1738591210.080671 sending message 112 to peer 0x140048000 (10 bytes)
1738591210.080675 sending message 112 to peer 0x140048000 (13 bytes)
1738591210.080680 sending message 112 to peer 0x140048000 (9 bytes)
1738591210.080685 sending message 112 to peer 0x140048000 (5 bytes)
1738591210.080690 sending message 112 to peer 0x140048000 (15 bytes)
1738591210.080697 sending message 104 to peer 0x140048000 (0 bytes)
1738591210.080704 sending message 110 to peer 0x140048000 (0 bytes)
1738591210.080709 sending message 107 to peer 0x140048000 (4 bytes)
1738591210.080714 sending message 105 to peer 0x140048000 (81 bytes)
1738591210.080719 sending message 105 to peer 0x140048000 (85 bytes)
1738591210.080724 sending message 105 to peer 0x140048000 (31 bytes)
1738591210.080729 sending message 105 to peer 0x140048000 (20 bytes)
1738591210.080734 sending message 105 to peer 0x140048000 (22 bytes)
1738591210.080739 sending message 105 to peer 0x140048000 (25 bytes)
1738591210.080744 sending message 105 to peer 0x140048000 (37 bytes)
1738591210.080749 sending message 105 to peer 0x140048000 (30 bytes)
1738591210.080754 sending message 105 to peer 0x140048000 (34 bytes)
1738591210.080759 sending message 105 to peer 0x140048000 (60 bytes)
1738591210.080764 sending message 105 to peer 0x140048000 (15 bytes)
1738591210.080769 sending message 105 to peer 0x140048000 (21 bytes)
1738591210.080774 sending message 105 to peer 0x140048000 (45 bytes)
1738591210.080779 sending message 105 to peer 0x140048000 (485 bytes)
1738591210.080784 sending message 105 to peer 0x140048000 (42 bytes)
1738591210.080790 sending message 105 to peer 0x140048000 (15 bytes)
1738591210.080795 sending message 105 to peer 0x140048000 (8 bytes)
1738591210.080800 sending message 105 to peer 0x140048000 (66 bytes)
1738591210.080814 sending message 105 to peer 0x140048000 (19 bytes)
1738591210.080820 sending message 105 to peer 0x140048000 (18 bytes)
1738591210.080824 sending message 105 to peer 0x140048000 (26 bytes)
1738591210.080829 sending message 105 to peer 0x140048000 (57 bytes)
1738591210.080835 sending message 105 to peer 0x140048000 (42 bytes)
1738591210.080840 sending message 105 to peer 0x140048000 (13 bytes)
1738591210.080844 sending message 105 to peer 0x140048000 (67 bytes)
1738591210.080849 sending message 105 to peer 0x140048000 (18 bytes)
1738591210.080854 sending message 105 to peer 0x140048000 (20 bytes)
1738591210.080859 sending message 105 to peer 0x140048000 (14 bytes)
1738591210.080867 sending message 105 to peer 0x140048000 (19 bytes)
1738591210.080873 sending message 105 to peer 0x140048000 (35 bytes)
1738591210.080878 sending message 105 to peer 0x140048000 (38 bytes)
1738591210.080883 sending message 105 to peer 0x140048000 (52 bytes)
1738591210.080888 sending message 105 to peer 0x140048000 (47 bytes)
1738591210.080893 sending message 105 to peer 0x140048000 (16 bytes)
1738591210.080898 sending message 105 to peer 0x140048000 (10 bytes)
1738591210.080903 sending message 105 to peer 0x140048000 (26 bytes)
1738591210.080908 sending message 105 to peer 0x140048000 (12 bytes)
1738591210.080913 sending message 105 to peer 0x140048000 (22 bytes)
1738591210.080918 sending message 105 to peer 0x140048000 (25 bytes)
1738591210.080923 sending message 106 to peer 0x140048000 (0 bytes)
1738591210.081004 sending message 200 to peer 0x140048000 (4 bytes)
1738591210.081012 client loop enter
1738591210.089866 peer 0x140048000 message 303
1738591210.089917 open write file 2 -
1738591210.089958 sending message 305 to peer 0x140048000 (8 bytes)
1738591210.089989 write check file 2
1738591210.090146 peer 0x140048000 message 304
1738591210.090166 write 58 to file 2
1738591210.090186 peer 0x140048000 message 203
1738591210.090254 file 2 58 bytes left
1738591210.090299 write check file 2
1738591210.090309 client loop exit
